<?xml version="1.0" encoding="UTF-8"?><testsuite errors="0" failures="1" name="Add new Shipper" skipped="0" tests="1" time="22.54" timestamp="2022-12-26 04:52:45"><testcase name="Add a new Shipper to the Shippers section."><failure message="Expected enabled element was not enabled" type="net.thucydides.core.webdriver.exceptions.ElementShouldBeEnabledException">Expected enabled element was not enabled</failure><system-err>Expected enabled element was not enabled&#13;
org.caroAlexander.autStartSharpDemoSerenity.tasks.AddNewShipper.performAs(AddNewShipper.java:17)&#13;
org.caroAlexander.autStartSharpDemoSerenity.stepdefinitions.AddNewShipperStepDefinitions.heNavigatesToShippersSectionAndFillsOutTheFormToAddANewShipper(AddNewShipperStepDefinitions.java:27)&#13;
cucumber.runner.Runner.runPickle(Runner.java:80)&#13;
worker.org.gradle.process.internal.worker.GradleWorkerMain.run(GradleWorkerMain.java:69)&#13;
worker.org.gradle.process.internal.worker.GradleWorkerMain.main(GradleWorkerMain.java:74)&#13;
</system-err></testcase></testsuite>